0f63f16f-abe8-4010-a4a1-7d1e85698792 ubuntu@ip-172-31-38-117:/data/semantics timestamp=1644352296.612811991s
125d4de0-ef72-43f6-b5c6-5bcce8b7bd79 ubuntu@ip-172-31-38-117:/data/semantics timestamp=1675163268.588755345s
13d82d22-d5dc-489f-a5ce-72709ff9be9a ubuntu@ip-172-31-38-117:/data/semantics timestamp=1645174247.616484223s
27dbb01c-d12a-4b6f-a962-712b82a29554 ubuntu@ip-172-31-38-117:/data/semantics timestamp=1645269974.704691734s
3b7a037a-103a-469b-b32a-f34eba3468b4 ubuntu@ip-172-31-38-117:/data/semantics timestamp=1642517520.727329029s
41818792-380d-4f34-9586-2abd0c0faede ubuntu@ip-172-31-38-117:/data/semantics timestamp=1644921354.286103163s
424c41ed-83a4-45dd-b4b1-23f40b0a4dca ubuntu@ip-172-31-38-117:/data/semantics timestamp=1644074328.541471606s
46d3ff75-f023-4d98-ad40-49d3c38e642e ubuntu@ip-172-31-38-117:/data/semantics timestamp=1645108568.201592126s
50ecaf2c-21a1-4223-9585-5fdf8900c4e7 ubuntu@ip-172-31-13-196:~/semantics timestamp=1648720744.851806053s
5db46e81-21b2-4c4f-8d22-ddde37c4418e ubuntu@ip-172-31-38-117:/data/trading_zones_material timestamp=1675699321.761880214s
8dacf7e2-0657-46ad-aad5-5799970f007d ubuntu@ip-172-31-38-117:/data/semantics timestamp=1645355737.845692141s
9c4e3eee-fc6a-4147-bc0a-7ccf7fd85f7c ubuntu@ip-172-31-38-117:/data/semantics timestamp=1644485371.77881652s
a0f78ef1-391e-4696-9ee7-41f24d8c9012 ubuntu@ip-172-31-38-117:/data/semantics timestamp=1674835175.600504245s
af6ef02a-2f93-4056-8cc0-c11db34d5aee git@c925a7f9364e:/data/repos/lucasgautheron/trading_zones_material.git timestamp=1675265449.516916468s
c4bce954-e79d-43b4-a182-2509bfe1b084 acristia@eduroam-prg-og-1-30-148.net.univ-paris-diderot.fr:~/Documents/Lucas/memoire/projects/semantics timestamp=1636980179.491501s
c9745550-8299-4a66-90bc-a0aae898ef0e s3 timestamp=1642945175.594555s
cef75860-54bb-4629-9a45-7c4427e0cf99 ubuntu@ip-172-31-38-117:/data/semantics timestamp=1643467903.574134338s
d36b8849-2c5b-4a81-8469-cd2791d42a08 ubuntu@ip-172-31-38-117:/data/trading_zones_material timestamp=1675420614.653775106s
d7a2038e-7156-49af-89c4-8b9a7b15b9a5 ubuntu@ip-172-31-38-117:/data/semantics timestamp=1645004060.497258131s
e4b40e32-94e9-4ae8-8e2d-6c79b152437f ubuntu@ip-172-31-38-117:/data/semantics timestamp=1644401487.71332467s
fc398f34-15b4-4bc4-b0e7-9cbda785efb2 ubuntu@ip-172-31-38-117:/data/semantics timestamp=1644424703.234460122s
fda8411b-866a-4bad-b440-3d41bf87af3a git@82709b2ed170:/data/repos/lucasgautheron/semantics.git timestamp=1636980189.60297026s
